[15:06:38] [Server thread/INFO]: Starting minecraft server version 1.10.2
[15:06:38] [Server thread/INFO]: Loading properties
[15:06:38] [Server thread/INFO]: Default game type: SURVIVAL
[15:06:38] [Server thread/INFO]: Generating keypair
[15:06:38] [Server thread/INFO]: Starting Minecraft server on *:25565
[15:06:38] [Server thread/INFO]: Using default channel type
[15:06:39] [Server thread/WARN]: **** SERVER IS RUNNING IN OFFLINE/INSECURE MODE!
[15:06:39] [Server thread/WARN]: The server will make no attempt to authenticate usernames. Beware.
[15:06:39] [Server thread/WARN]: While this makes the game possible to play without internet access, it also opens up the ability for hackers to connect with any username they choose.
[15:06:39] [Server thread/WARN]: To change this, set "online-mode" to "true" in the server.properties file.
[15:06:39] [Server thread/INFO]: Preparing level "world"
[15:06:39] [Server thread/INFO]: Preparing start region for level 0
[15:06:40] [Server thread/INFO]: Preparing spawn area: 0%
[15:06:41] [Server thread/INFO]: Preparing spawn area: 59%
[15:06:42] [Server thread/INFO]: Done (2.852s)! For help, type "help" or "?"
[15:06:42] [Server thread/INFO]: Unknown command. Try /help for a list of commands
[15:06:55] [Server thread/INFO]: --- Showing help page 1 of 9 (/help <page>) ---
[15:06:55] [Server thread/INFO]: /achievement <give|take> <name|*> [player]
[15:06:55] [Server thread/INFO]: /ban <name> [reason ...]
[15:06:55] [Server thread/INFO]: /ban-ip <address|name> [reason ...]
[15:06:55] [Server thread/INFO]: /banlist [ips|players]
[15:06:55] [Server thread/INFO]: /blockdata <x> <y> <z> <dataTag>
[15:06:55] [Server thread/INFO]: /clear [player] [item] [data] [maxCount] [dataTag]
[15:06:55] [Server thread/INFO]: /clone <x1> <y1> <z1> <x2> <y2> <z2> <x> <y> <z> [maskMode] [cloneMode]
[15:07:03] [Server thread/INFO]: --- Showing help page 1 of 9 (/help <page>) ---
[15:07:03] [Server thread/INFO]: /achievement <give|take> <name|*> [player]
[15:07:03] [Server thread/INFO]: /ban <name> [reason ...]
[15:07:03] [Server thread/INFO]: /ban-ip <address|name> [reason ...]
[15:07:03] [Server thread/INFO]: /banlist [ips|players]
[15:07:03] [Server thread/INFO]: /blockdata <x> <y> <z> <dataTag>
[15:07:03] [Server thread/INFO]: /clear [player] [item] [data] [maxCount] [dataTag]
[15:07:03] [Server thread/INFO]: /clone <x1> <y1> <z1> <x2> <y2> <z2> <x> <y> <z> [maskMode] [cloneMode]
[15:08:04] [Server thread/INFO]: haiduy[/127.0.0.1:49765] logged in with entity id 130 at (174.5, 66.0, 242.5)
[15:08:04] [Server thread/INFO]: haiduy joined the game
[15:08:49] [Server thread/INFO]: haiduy lost connection: TextComponent{text='Disconnected', siblings=[], style=Style{hasParent=false, color=null, bold=null, italic=null, underlined=null, obfuscated=null, clickEvent=null, hoverEvent=null, insertion=null}}
[15:08:49] [Server thread/INFO]: haiduy left the game
[15:09:59] [Server thread/INFO]: haiduy95[/127.0.0.1:49782] logged in with entity id 2342 at (251.7103265404034, 110.94437235638081, 611.5732163807089)
[15:09:59] [Server thread/INFO]: haiduy95 joined the game
[15:11:20] [Server thread/WARN]: Keeping entity Chicken that already exists with UUID ed5fddbe-7376-44b7-85ae-819989e5a050
[15:11:50] [Server thread/INFO]: [haiduy95: Set own game mode to Survival Mode]
[15:14:02] [Server thread/INFO]: haiduy95 lost connection: TextComponent{text='Disconnected', siblings=[], style=Style{hasParent=false, color=null, bold=null, italic=null, underlined=null, obfuscated=null, clickEvent=null, hoverEvent=null, insertion=null}}
[15:14:02] [Server thread/INFO]: haiduy95 left the game
[15:14:23] [Server thread/INFO]: Stopping the server
[15:14:23] [Server thread/INFO]: Stopping server
[15:14:23] [Server thread/INFO]: Saving players
[15:14:23] [Server thread/INFO]: Saving worlds
[15:14:23] [Server thread/INFO]: Saving chunks for level 'world'/Overworld
[15:14:23] [Server thread/INFO]: Saving chunks for level 'world'/Nether
[15:14:23] [Server thread/INFO]: Saving chunks for level 'world'/The End
[15:14:23] [Server Shutdown Thread/INFO]: Stopping server
